This file contains any messages produced by compilers while
running configure, to aid debugging if configure makes a mistake.

It was created by Firmware Mod Kit configure 0.4.0, which was
generated by GNU Autoconf 2.65.  Invocation command line was

  $ ./configure 

## --------- ##
## Platform. ##
## --------- ##

hostname = kali
uname -m = x86_64
uname -r = 3.18.0-kali3-amd64
uname -s = Linux
uname -v = #1 SMP Debian 3.18.6-1~kali2 (2015-03-02)

/usr/bin/uname -p = unknown
/bin/uname -X     = unknown

/bin/arch              = unknown
/usr/bin/arch -k       = unknown
/usr/convex/getsysinfo = unknown
/usr/bin/hostinfo      = unknown
/bin/machine           = unknown
/usr/bin/oslevel       = unknown
/bin/universe          = unknown

PATH: /usr/local/sbin
PATH: /usr/local/bin
PATH: /usr/sbin
PATH: /usr/bin
PATH: /sbin
PATH: /bin


## ----------- ##
## Core tests. ##
## ----------- ##

configure:2209: checking for gcc
configure:2225: found /usr/bin/gcc
configure:2236: result: gcc
configure:2465: checking for C compiler version
configure:2474: gcc --version >&5
gcc (Debian 4.7.2-5) 4.7.2
Copyright (C) 2012 Free Software Foundation, Inc.
This is free software; see the source for copying conditions.  There is NO
warranty; not even for MERCHANTABILITY or FITNESS FOR A PARTICULAR PURPOSE.

configure:2485: $? = 0
configure:2474: gcc -v >&5
Using built-in specs.
COLLECT_GCC=gcc
COLLECT_LTO_WRAPPER=/usr/lib/gcc/x86_64-linux-gnu/4.7/lto-wrapper
Target: x86_64-linux-gnu
Configured with: ../src/configure -v --with-pkgversion='Debian 4.7.2-5' --with-bugurl=file:///usr/share/doc/gcc-4.7/README.Bugs --enable-languages=c,c++,go,fortran,objc,obj-c++ --prefix=/usr --program-suffix=-4.7 --enable-shared --enable-linker-build-id --with-system-zlib --libexecdir=/usr/lib --without-included-gettext --enable-threads=posix --with-gxx-include-dir=/usr/include/c++/4.7 --libdir=/usr/lib --enable-nls --with-sysroot=/ --enable-clocale=gnu --enable-libstdcxx-debug --enable-libstdcxx-time=yes --enable-gnu-unique-object --enable-plugin --enable-objc-gc --with-arch-32=i586 --with-tune=generic --enable-checking=release --build=x86_64-linux-gnu --host=x86_64-linux-gnu --target=x86_64-linux-gnu
Thread model: posix
gcc version 4.7.2 (Debian 4.7.2-5) 
configure:2485: $? = 0
configure:2474: gcc -V >&5
gcc: error: unrecognized command line option '-V'
gcc: fatal error: no input files
compilation terminated.
configure:2485: $? = 4
configure:2474: gcc -qversion >&5
gcc: error: unrecognized command line option '-qversion'
gcc: fatal error: no input files
compilation terminated.
configure:2485: $? = 4
configure:2505: checking whether the C compiler works
configure:2527: gcc    conftest.c  >&5
configure:2531: $? = 0
configure:2580: result: yes
configure:2583: checking for C compiler default output file name
configure:2585: result: a.out
configure:2591: checking for suffix of executables
configure:2598: gcc -o conftest    conftest.c  >&5
configure:2602: $? = 0
configure:2624: result: 
configure:2646: checking whether we are cross compiling
configure:2654: gcc -o conftest    conftest.c  >&5
configure:2658: $? = 0
configure:2665: ./conftest
configure:2669: $? = 0
configure:2684: result: no
configure:2689: checking for suffix of object files
configure:2711: gcc -c   conftest.c >&5
configure:2715: $? = 0
configure:2736: result: o
configure:2740: checking whether we are using the GNU C compiler
configure:2759: gcc -c   conftest.c >&5
configure:2759: $? = 0
configure:2768: result: yes
configure:2777: checking whether gcc accepts -g
configure:2797: gcc -c -g  conftest.c >&5
configure:2797: $? = 0
configure:2838: result: yes
configure:2855: checking for gcc option to accept ISO C89
configure:2919: gcc  -c -g -O2  conftest.c >&5
configure:2919: $? = 0
configure:2932: result: none needed
configure:3010: checking for g++
configure:3026: found /usr/bin/g++
configure:3037: result: g++
configure:3064: checking for C++ compiler version
configure:3073: g++ --version >&5
g++ (Debian 4.7.2-5) 4.7.2
Copyright (C) 2012 Free Software Foundation, Inc.
This is free software; see the source for copying conditions.  There is NO
warranty; not even for MERCHANTABILITY or FITNESS FOR A PARTICULAR PURPOSE.

configure:3084: $? = 0
configure:3073: g++ -v >&5
Using built-in specs.
COLLECT_GCC=g++
COLLECT_LTO_WRAPPER=/usr/lib/gcc/x86_64-linux-gnu/4.7/lto-wrapper
Target: x86_64-linux-gnu
Configured with: ../src/configure -v --with-pkgversion='Debian 4.7.2-5' --with-bugurl=file:///usr/share/doc/gcc-4.7/README.Bugs --enable-languages=c,c++,go,fortran,objc,obj-c++ --prefix=/usr --program-suffix=-4.7 --enable-shared --enable-linker-build-id --with-system-zlib --libexecdir=/usr/lib --without-included-gettext --enable-threads=posix --with-gxx-include-dir=/usr/include/c++/4.7 --libdir=/usr/lib --enable-nls --with-sysroot=/ --enable-clocale=gnu --enable-libstdcxx-debug --enable-libstdcxx-time=yes --enable-gnu-unique-object --enable-plugin --enable-objc-gc --with-arch-32=i586 --with-tune=generic --enable-checking=release --build=x86_64-linux-gnu --host=x86_64-linux-gnu --target=x86_64-linux-gnu
Thread model: posix
gcc version 4.7.2 (Debian 4.7.2-5) 
configure:3084: $? = 0
configure:3073: g++ -V >&5
g++: error: unrecognized command line option '-V'
g++: fatal error: no input files
compilation terminated.
configure:3084: $? = 4
configure:3073: g++ -qversion >&5
g++: error: unrecognized command line option '-qversion'
g++: fatal error: no input files
compilation terminated.
configure:3084: $? = 4
configure:3088: checking whether we are using the GNU C++ compiler
configure:3107: g++ -c   conftest.cpp >&5
configure:3107: $? = 0
configure:3116: result: yes
configure:3125: checking whether g++ accepts -g
configure:3145: g++ -c -g  conftest.cpp >&5
configure:3145: $? = 0
configure:3186: result: yes
configure:3222: checking how to run the C preprocessor
configure:3253: gcc -E  conftest.c
configure:3253: $? = 0
configure:3267: gcc -E  conftest.c
conftest.c:9:28: fatal error: ac_nonexistent.h: No such file or directory
compilation terminated.
configure:3267: $? = 1
configure: failed program was:
| /* confdefs.h */
| #define PACKAGE_NAME "Firmware Mod Kit"
| #define PACKAGE_TARNAME "firmware-mod-kit"
| #define PACKAGE_VERSION "0.4.0"
| #define PACKAGE_STRING "Firmware Mod Kit 0.4.0"
| #define PACKAGE_BUGREPORT "http://firmware-mod-kit.googlecode.com"
| #define PACKAGE_URL ""
| /* end confdefs.h.  */
| #include <ac_nonexistent.h>
configure:3292: result: gcc -E
configure:3312: gcc -E  conftest.c
configure:3312: $? = 0
configure:3326: gcc -E  conftest.c
conftest.c:9:28: fatal error: ac_nonexistent.h: No such file or directory
compilation terminated.
configure:3326: $? = 1
configure: failed program was:
| /* confdefs.h */
| #define PACKAGE_NAME "Firmware Mod Kit"
| #define PACKAGE_TARNAME "firmware-mod-kit"
| #define PACKAGE_VERSION "0.4.0"
| #define PACKAGE_STRING "Firmware Mod Kit 0.4.0"
| #define PACKAGE_BUGREPORT "http://firmware-mod-kit.googlecode.com"
| #define PACKAGE_URL ""
| /* end confdefs.h.  */
| #include <ac_nonexistent.h>
configure:3355: checking for grep that handles long lines and -e
configure:3413: result: /bin/grep
configure:3418: checking for egrep
configure:3480: result: /bin/grep -E
configure:3485: checking for ANSI C header files
configure:3505: gcc -c -g -O2  conftest.c >&5
configure:3505: $? = 0
configure:3578: gcc -o conftest -g -O2   conftest.c  >&5
configure:3578: $? = 0
configure:3578: ./conftest
configure:3578: $? = 0
configure:3589: result: yes
configure:3602: checking for sys/types.h
configure:3602: gcc -c -g -O2  conftest.c >&5
configure:3602: $? = 0
configure:3602: result: yes
configure:3602: checking for sys/stat.h
configure:3602: gcc -c -g -O2  conftest.c >&5
configure:3602: $? = 0
configure:3602: result: yes
configure:3602: checking for stdlib.h
configure:3602: gcc -c -g -O2  conftest.c >&5
configure:3602: $? = 0
configure:3602: result: yes
configure:3602: checking for string.h
configure:3602: gcc -c -g -O2  conftest.c >&5
configure:3602: $? = 0
configure:3602: result: yes
configure:3602: checking for memory.h
configure:3602: gcc -c -g -O2  conftest.c >&5
configure:3602: $? = 0
configure:3602: result: yes
configure:3602: checking for strings.h
configure:3602: gcc -c -g -O2  conftest.c >&5
configure:3602: $? = 0
configure:3602: result: yes
configure:3602: checking for inttypes.h
configure:3602: gcc -c -g -O2  conftest.c >&5
configure:3602: $? = 0
configure:3602: result: yes
configure:3602: checking for stdint.h
configure:3602: gcc -c -g -O2  conftest.c >&5
configure:3602: $? = 0
configure:3602: result: yes
configure:3602: checking for unistd.h
configure:3602: gcc -c -g -O2  conftest.c >&5
configure:3602: $? = 0
configure:3602: result: yes
configure:3615: checking for size_t
configure:3615: gcc -c -g -O2  conftest.c >&5
configure:3615: $? = 0
configure:3615: gcc -c -g -O2  conftest.c >&5
conftest.c: In function 'main':
conftest.c:55:21: error: expected expression before ')' token
configure:3615: $? = 1
configure: failed program was:
| /* confdefs.h */
| #define PACKAGE_NAME "Firmware Mod Kit"
| #define PACKAGE_TARNAME "firmware-mod-kit"
| #define PACKAGE_VERSION "0.4.0"
| #define PACKAGE_STRING "Firmware Mod Kit 0.4.0"
| #define PACKAGE_BUGREPORT "http://firmware-mod-kit.googlecode.com"
| #define PACKAGE_URL ""
| #define STDC_HEADERS 1
| #define HAVE_SYS_TYPES_H 1
| #define HAVE_SYS_STAT_H 1
| #define HAVE_STDLIB_H 1
| #define HAVE_STRING_H 1
| #define HAVE_MEMORY_H 1
| #define HAVE_STRINGS_H 1
| #define HAVE_INTTYPES_H 1
| #define HAVE_STDINT_H 1
| #define HAVE_UNISTD_H 1
| /* end confdefs.h.  */
| #include <stdio.h>
| #ifdef HAVE_SYS_TYPES_H
| # include <sys/types.h>
| #endif
| #ifdef HAVE_SYS_STAT_H
| # include <sys/stat.h>
| #endif
| #ifdef STDC_HEADERS
| # include <stdlib.h>
| # include <stddef.h>
| #else
| # ifdef HAVE_STDLIB_H
| #  include <stdlib.h>
| # endif
| #endif
| #ifdef HAVE_STRING_H
| # if !defined STDC_HEADERS && defined HAVE_MEMORY_H
| #  include <memory.h>
| # endif
| # include <string.h>
| #endif
| #ifdef HAVE_STRINGS_H
| # include <strings.h>
| #endif
| #ifdef HAVE_INTTYPES_H
| # include <inttypes.h>
| #endif
| #ifdef HAVE_STDINT_H
| # include <stdint.h>
| #endif
| #ifdef HAVE_UNISTD_H
| # include <unistd.h>
| #endif
| int
| main ()
| {
| if (sizeof ((size_t)))
| 	    return 0;
|   ;
|   return 0;
| }
configure:3615: result: yes
configure:3629: checking for stdlib.h
configure:3629: result: yes
configure:3639: checking for GNU libc compatible malloc
configure:3663: gcc -o conftest -g -O2   conftest.c  >&5
configure:3663: $? = 0
configure:3663: ./conftest
configure:3663: $? = 0
configure:3673: result: yes
configure:3698: checking arpa/inet.h usability
configure:3698: gcc -c -g -O2  conftest.c >&5
configure:3698: $? = 0
configure:3698: result: yes
configure:3698: checking arpa/inet.h presence
configure:3698: gcc -E  conftest.c
configure:3698: $? = 0
configure:3698: result: yes
configure:3698: checking for arpa/inet.h
configure:3698: result: yes
configure:3698: checking fcntl.h usability
configure:3698: gcc -c -g -O2  conftest.c >&5
configure:3698: $? = 0
configure:3698: result: yes
configure:3698: checking fcntl.h presence
configure:3698: gcc -E  conftest.c
configure:3698: $? = 0
configure:3698: result: yes
configure:3698: checking for fcntl.h
configure:3698: result: yes
configure:3698: checking for stdlib.h
configure:3698: result: yes
configure:3698: checking for string.h
configure:3698: result: yes
configure:3698: checking for unistd.h
configure:3698: result: yes
configure:3714: checking for memset
configure:3714: gcc -o conftest -g -O2   conftest.c  >&5
conftest.c:49:6: warning: conflicting types for built-in function 'memset' [enabled by default]
configure:3714: $? = 0
configure:3714: result: yes
configure:3714: checking for malloc
configure:3714: gcc -o conftest -g -O2   conftest.c  >&5
conftest.c:50:6: warning: conflicting types for built-in function 'malloc' [enabled by default]
configure:3714: $? = 0
configure:3714: result: yes
configure:3714: checking for strstr
configure:3714: gcc -o conftest -g -O2   conftest.c  >&5
conftest.c:51:6: warning: conflicting types for built-in function 'strstr' [enabled by default]
configure:3714: $? = 0
configure:3714: result: yes
configure:3727: checking for crc32 in -lz
configure:3752: gcc -o conftest -g -O2   conftest.c -lz   >&5
configure:3752: $? = 0
configure:3761: result: yes
configure:3776: checking zlib.h usability
configure:3776: gcc -c -g -O2  conftest.c >&5
configure:3776: $? = 0
configure:3776: result: yes
configure:3776: checking zlib.h presence
configure:3776: gcc -E  conftest.c
configure:3776: $? = 0
configure:3776: result: yes
configure:3776: checking for zlib.h
configure:3776: result: yes
configure:3790: checking lzma.h usability
configure:3790: gcc -c -g -O2  conftest.c >&5
configure:3790: $? = 0
configure:3790: result: yes
configure:3790: checking lzma.h presence
configure:3790: gcc -E  conftest.c
configure:3790: $? = 0
configure:3790: result: yes
configure:3790: checking for lzma.h
configure:3790: result: yes
configure:3943: creating ./config.status

## ---------------------- ##
## Running config.status. ##
## ---------------------- ##

This file was extended by Firmware Mod Kit config.status 0.4.0, which was
generated by GNU Autoconf 2.65.  Invocation command line was

  CONFIG_FILES    = 
  CONFIG_HEADERS  = 
  CONFIG_LINKS    = 
  CONFIG_COMMANDS = 
  $ ./config.status 

on kali

config.status:731: creating Makefile

## ---------------- ##
## Cache variables. ##
## ---------------- ##

ac_cv_c_compiler_gnu=yes
ac_cv_cxx_compiler_gnu=yes
ac_cv_env_CCC_set=
ac_cv_env_CCC_value=
ac_cv_env_CC_set=
ac_cv_env_CC_value=
ac_cv_env_CFLAGS_set=
ac_cv_env_CFLAGS_value=
ac_cv_env_CPPFLAGS_set=
ac_cv_env_CPPFLAGS_value=
ac_cv_env_CPP_set=
ac_cv_env_CPP_value=
ac_cv_env_CXXFLAGS_set=
ac_cv_env_CXXFLAGS_value=
ac_cv_env_CXX_set=
ac_cv_env_CXX_value=
ac_cv_env_LDFLAGS_set=
ac_cv_env_LDFLAGS_value=
ac_cv_env_LIBS_set=
ac_cv_env_LIBS_value=
ac_cv_env_build_alias_set=
ac_cv_env_build_alias_value=
ac_cv_env_host_alias_set=
ac_cv_env_host_alias_value=
ac_cv_env_target_alias_set=
ac_cv_env_target_alias_value=
ac_cv_func_malloc=yes
ac_cv_func_malloc_0_nonnull=yes
ac_cv_func_memset=yes
ac_cv_func_strstr=yes
ac_cv_header_arpa_inet_h=yes
ac_cv_header_fcntl_h=yes
ac_cv_header_inttypes_h=yes
ac_cv_header_lzma_h=yes
ac_cv_header_memory_h=yes
ac_cv_header_stdc=yes
ac_cv_header_stdint_h=yes
ac_cv_header_stdlib_h=yes
ac_cv_header_string_h=yes
ac_cv_header_strings_h=yes
ac_cv_header_sys_stat_h=yes
ac_cv_header_sys_types_h=yes
ac_cv_header_unistd_h=yes
ac_cv_header_zlib_h=yes
ac_cv_lib_z_crc32=yes
ac_cv_objext=o
ac_cv_path_EGREP='/bin/grep -E'
ac_cv_path_GREP=/bin/grep
ac_cv_prog_CPP='gcc -E'
ac_cv_prog_ac_ct_CC=gcc
ac_cv_prog_ac_ct_CXX=g++
ac_cv_prog_cc_c89=
ac_cv_prog_cc_g=yes
ac_cv_prog_cxx_g=yes
ac_cv_type_size_t=yes

## ----------------- ##
## Output variables. ##
## ----------------- ##

CC='gcc'
CFLAGS='-g -O2'
CPP='gcc -E'
CPPFLAGS=''
CXX='g++'
CXXFLAGS='-g -O2'
DEFS='-DPACKAGE_NAME=\"Firmware\ Mod\ Kit\" -DPACKAGE_TARNAME=\"firmware-mod-kit\" -DPACKAGE_VERSION=\"0.4.0\" -DPACKAGE_STRING=\"Firmware\ Mod\ Kit\ 0.4.0\" -DPACKAGE_BUGREPORT=\"http://firmware-mod-kit.googlecode.com\" -DPACKAGE_URL=\"\" -DSTDC_HEADERS=1 -DHAVE_SYS_TYPES_H=1 -DHAVE_SYS_STAT_H=1 -DHAVE_STDLIB_H=1 -DHAVE_STRING_H=1 -DHAVE_MEMORY_H=1 -DHAVE_STRINGS_H=1 -DHAVE_INTTYPES_H=1 -DHAVE_STDINT_H=1 -DHAVE_UNISTD_H=1 -DHAVE_STDLIB_H=1 -DHAVE_MALLOC=1 -DHAVE_ARPA_INET_H=1 -DHAVE_FCNTL_H=1 -DHAVE_STDLIB_H=1 -DHAVE_STRING_H=1 -DHAVE_UNISTD_H=1 -DHAVE_MEMSET=1 -DHAVE_MALLOC=1 -DHAVE_STRSTR=1 -DHAVE_LIBZ=1 -DHAVE_ZLIB_H=1 -DHAVE_LZMA_H=1'
ECHO_C=''
ECHO_N='-n'
ECHO_T=''
EGREP='/bin/grep -E'
EXEEXT=''
GREP='/bin/grep'
LDFLAGS=''
LIBOBJS=''
LIBS='-lz '
LTLIBOBJS=''
OBJEXT='o'
PACKAGE_BUGREPORT='http://firmware-mod-kit.googlecode.com'
PACKAGE_NAME='Firmware Mod Kit'
PACKAGE_STRING='Firmware Mod Kit 0.4.0'
PACKAGE_TARNAME='firmware-mod-kit'
PACKAGE_URL=''
PACKAGE_VERSION='0.4.0'
PATH_SEPARATOR=':'
SHELL='/bin/bash'
ac_ct_CC='gcc'
ac_ct_CXX='g++'
bindir='${exec_prefix}/bin'
build_alias=''
datadir='${datarootdir}'
datarootdir='${prefix}/share'
docdir='${datarootdir}/doc/${PACKAGE_TARNAME}'
dvidir='${docdir}'
exec_prefix='${prefix}'
host_alias=''
htmldir='${docdir}'
includedir='${prefix}/include'
infodir='${datarootdir}/info'
libdir='${exec_prefix}/lib'
libexecdir='${exec_prefix}/libexec'
localedir='${datarootdir}/locale'
localstatedir='${prefix}/var'
mandir='${datarootdir}/man'
oldincludedir='/usr/include'
pdfdir='${docdir}'
prefix='/usr/local'
program_transform_name='s,x,x,'
psdir='${docdir}'
sbindir='${exec_prefix}/sbin'
sharedstatedir='${prefix}/com'
sysconfdir='${prefix}/etc'
target_alias=''

## ----------- ##
## confdefs.h. ##
## ----------- ##

/* confdefs.h */
#define PACKAGE_NAME "Firmware Mod Kit"
#define PACKAGE_TARNAME "firmware-mod-kit"
#define PACKAGE_VERSION "0.4.0"
#define PACKAGE_STRING "Firmware Mod Kit 0.4.0"
#define PACKAGE_BUGREPORT "http://firmware-mod-kit.googlecode.com"
#define PACKAGE_URL ""
#define STDC_HEADERS 1
#define HAVE_SYS_TYPES_H 1
#define HAVE_SYS_STAT_H 1
#define HAVE_STDLIB_H 1
#define HAVE_STRING_H 1
#define HAVE_MEMORY_H 1
#define HAVE_STRINGS_H 1
#define HAVE_INTTYPES_H 1
#define HAVE_STDINT_H 1
#define HAVE_UNISTD_H 1
#define HAVE_STDLIB_H 1
#define HAVE_MALLOC 1
#define HAVE_ARPA_INET_H 1
#define HAVE_FCNTL_H 1
#define HAVE_STDLIB_H 1
#define HAVE_STRING_H 1
#define HAVE_UNISTD_H 1
#define HAVE_MEMSET 1
#define HAVE_MALLOC 1
#define HAVE_STRSTR 1
#define HAVE_LIBZ 1
#define HAVE_ZLIB_H 1
#define HAVE_LZMA_H 1

configure: exit 0
